Using pre-set license
Built from '2022.3/staging' branch; Version is '2022.3.15f1 (b58023a2b463) revision 11894819'; Using compiler version '192829333'; Build Type 'Release'
OS: 'Windows 11  (10.0.22621) 64bit Professional' Language: 'ko' Physical Memory: 16051 MB
BatchMode: 1, IsHumanControllingUs: 0, StartBugReporterOnCrash: 0, Is64bit: 1, IsPro: 1

COMMAND LINE ARGUMENTS:
C:\Program Files\Unity\Hub\Editor\2022.3.15f1\Editor\Unity.exe
-adb2
-batchMode
-noUpm
-name
AssetImportWorker0
-projectPath
C:/Users/USER/Documents/GitHub/Unity-8th/CustomShader
-logFile
Logs/AssetImportWorker0.log
-srvPort
7031
Successfully changed project path to: C:/Users/USER/Documents/GitHub/Unity-8th/CustomShader
C:/Users/USER/Documents/GitHub/Unity-8th/CustomShader
[UnityMemory] Configuration Parameters - Can be set up in boot.config
    "memorysetup-bucket-allocator-granularity=16"
    "memorysetup-bucket-allocator-bucket-count=8"
    "memorysetup-bucket-allocator-block-size=33554432"
    "memorysetup-bucket-allocator-block-count=8"
    "memorysetup-main-allocator-block-size=16777216"
    "memorysetup-thread-allocator-block-size=16777216"
    "memorysetup-gfx-main-allocator-block-size=16777216"
    "memorysetup-gfx-thread-allocator-block-size=16777216"
    "memorysetup-cache-allocator-block-size=4194304"
    "memorysetup-typetree-allocator-block-size=2097152"
    "memorysetup-profiler-bucket-allocator-granularity=16"
    "memorysetup-profiler-bucket-allocator-bucket-count=8"
    "memorysetup-profiler-bucket-allocator-block-size=33554432"
    "memorysetup-profiler-bucket-allocator-block-count=8"
    "memorysetup-profiler-allocator-block-size=16777216"
    "memorysetup-profiler-editor-allocator-block-size=1048576"
    "memorysetup-temp-allocator-size-main=16777216"
    "memorysetup-job-temp-allocator-block-size=2097152"
    "memorysetup-job-temp-allocator-block-size-background=1048576"
    "memorysetup-job-temp-allocator-reduction-small-platforms=262144"
    "memorysetup-allocator-temp-initial-block-size-main=262144"
    "memorysetup-allocator-temp-initial-block-size-worker=262144"
    "memorysetup-temp-allocator-size-background-worker=32768"
    "memorysetup-temp-allocator-size-job-worker=262144"
    "memorysetup-temp-allocator-size-preload-manager=33554432"
    "memorysetup-temp-allocator-size-nav-mesh-worker=65536"
    "memorysetup-temp-allocator-size-audio-worker=65536"
    "memorysetup-temp-allocator-size-cloud-worker=32768"
    "memorysetup-temp-allocator-size-gi-baking-worker=262144"
    "memorysetup-temp-allocator-size-gfx=262144"
Player connection [30236] Host "[IP] 10.10.53.124 [Port] 0 [Flags] 2 [Guid] 848693073 [EditorId] 848693073 [Version] 1048832 [Id] WindowsEditor(7,DESKTOP-HDMBQHV) [Debug] 1 [PackageName] WindowsEditor [ProjectName] Editor" joined multi-casting on [225.0.0.222:54997]...

Player connection [30236] Host "[IP] 10.10.53.124 [Port] 0 [Flags] 2 [Guid] 848693073 [EditorId] 848693073 [Version] 1048832 [Id] WindowsEditor(7,DESKTOP-HDMBQHV) [Debug] 1 [PackageName] WindowsEditor [ProjectName] Editor" joined alternative multi-casting on [225.0.0.222:34997]...

[Physics::Module] Initialized MultithreadedJobDispatcher with 15 workers.
Refreshing native plugins compatible for Editor in 21.71 ms, found 3 plugins.
Preloading 0 native plugins for Editor in 0.00 ms.
Initialize engine version: 2022.3.15f1 (b58023a2b463)
[Subsystems] Discovering subsystems at path C:/Program Files/Unity/Hub/Editor/2022.3.15f1/Editor/Data/Resources/UnitySubsystems
[Subsystems] Discovering subsystems at path C:/Users/USER/Documents/GitHub/Unity-8th/CustomShader/Assets
GfxDevice: creating device client; threaded=0; jobified=0
Direct3D:
    Version:  Direct3D 11.0 [level 11.1]
    Renderer: NVIDIA GeForce GTX 1650 (ID=0x2188)
    Vendor:   NVIDIA
    VRAM:     3950 MB
    Driver:   31.0.15.4601
Initialize mono
Mono path[0] = 'C:/Program Files/Unity/Hub/Editor/2022.3.15f1/Editor/Data/Managed'
Mono path[1] = 'C:/Program Files/Unity/Hub/Editor/2022.3.15f1/Editor/Data/MonoBleedingEdge/lib/mono/unityjit-win32'
Mono config path = 'C:/Program Files/Unity/Hub/Editor/2022.3.15f1/Editor/Data/MonoBleedingEdge/etc'
Using monoOptions --debugger-agent=transport=dt_socket,embedding=1,server=y,suspend=n,address=127.0.0.1:56112
Begin MonoManager ReloadAssembly
Registering precompiled unity dll's ...
Register platform support module: C:/Program Files/Unity/Hub/Editor/2022.3.15f1/Editor/Data/PlaybackEngines/WebGLSupport/UnityEditor.WebGL.Extensions.dll
Register platform support module: C:/Program Files/Unity/Hub/Editor/2022.3.15f1/Editor/Data/PlaybackEngines/AndroidPlayer/UnityEditor.Android.Extensions.dll
Register platform support module: C:/Program Files/Unity/Hub/Editor/2022.3.15f1/Editor/Data/PlaybackEngines/WindowsStandaloneSupport/UnityEditor.WindowsStandalone.Extensions.dll
Registered in 0.026717 seconds.
- Loaded All Assemblies, in  0.578 seconds
Native extension for WindowsStandalone target not found
Native extension for Android target not found
Android Extension - Scanning For ADB Devices 561 ms
Native extension for WebGL target not found
Mono: successfully reloaded assembly
- Finished resetting the current domain, in  0.889 seconds
Domain Reload Profiling: 1460ms
	BeginReloadAssembly (234ms)
		ExecutionOrderSort (0ms)
		DisableScriptedObjects (0ms)
		BackupInstance (0ms)
		ReleaseScriptingObjects (0ms)
		CreateAndSetChildDomain (1ms)
	RebuildCommonClasses (39ms)
	RebuildNativeTypeToScriptingClass (8ms)
	initialDomainReloadingComplete (87ms)
	LoadAllAssembliesAndSetupDomain (202ms)
		LoadAssemblies (233ms)
		RebuildTransferFunctionScriptingTraits (0ms)
		AnalyzeDomain (193ms)
			TypeCache.Refresh (192ms)
				TypeCache.ScanAssembly (172ms)
			ScanForSourceGeneratedMonoScriptInfo (0ms)
			ResolveRequiredComponents (0ms)
	FinalizeReload (890ms)
		ReleaseScriptCaches (0ms)
		RebuildScriptCaches (0ms)
		SetupLoadedEditorAssemblies (840ms)
			LogAssemblyErrors (0ms)
			InitializePlatformSupportModulesInManaged (674ms)
			SetLoadedEditorAssemblies (3ms)
			RefreshPlugins (0ms)
			BeforeProcessingInitializeOnLoad (2ms)
			ProcessInitializeOnLoadAttributes (111ms)
			ProcessInitializeOnLoadMethodAttributes (50ms)
			AfterProcessingInitializeOnLoad (0ms)
			EditorAssembliesLoaded (0ms)
		ExecutionOrderSort2 (0ms)
		AwakeInstancesAfterBackupRestoration (0ms)
========================================================================
Worker process is ready to serve import requests
Begin MonoManager ReloadAssembly
- Loaded All Assemblies, in  0.782 seconds
Refreshing native plugins compatible for Editor in 5.51 ms, found 3 plugins.
Native extension for WindowsStandalone target not found
Native extension for Android target not found
Native extension for WebGL target not found
Package Manager log level set to [2]
[Package Manager] Server::EnsureServerProcessIsRunning -- launch failed, reason: Unity was launched with the -noUpm command-line argument
[Package Manager] UpmClient::Send -- Unable to send message (not connected to UPM process).
[Package Manager] Cannot connect to Unity Package Manager local server
Mono: successfully reloaded assembly
- Finished resetting the current domain, in  0.531 seconds
Domain Reload Profiling: 1307ms
	BeginReloadAssembly (170ms)
		ExecutionOrderSort (0ms)
		DisableScriptedObjects (4ms)
		BackupInstance (0ms)
		ReleaseScriptingObjects (0ms)
		CreateAndSetChildDomain (24ms)
	RebuildCommonClasses (31ms)
	RebuildNativeTypeToScriptingClass (8ms)
	initialDomainReloadingComplete (55ms)
	LoadAllAssembliesAndSetupDomain (512ms)
		LoadAssemblies (458ms)
		RebuildTransferFunctionScriptingTraits (0ms)
		AnalyzeDomain (162ms)
			TypeCache.Refresh (147ms)
				TypeCache.ScanAssembly (126ms)
			ScanForSourceGeneratedMonoScriptInfo (11ms)
			ResolveRequiredComponents (3ms)
	FinalizeReload (532ms)
		ReleaseScriptCaches (0ms)
		RebuildScriptCaches (0ms)
		SetupLoadedEditorAssemblies (388ms)
			LogAssemblyErrors (0ms)
			InitializePlatformSupportModulesInManaged (33ms)
			SetLoadedEditorAssemblies (4ms)
			RefreshPlugins (0ms)
			BeforeProcessingInitializeOnLoad (70ms)
			ProcessInitializeOnLoadAttributes (245ms)
			ProcessInitializeOnLoadMethodAttributes (18ms)
			AfterProcessingInitializeOnLoad (17ms)
			EditorAssembliesLoaded (0ms)
		ExecutionOrderSort2 (0ms)
		AwakeInstancesAfterBackupRestoration (12ms)
Launched and connected shader compiler UnityShaderCompiler.exe after 0.06 seconds
Refreshing native plugins compatible for Editor in 6.74 ms, found 3 plugins.
Preloading 0 native plugins for Editor in 0.00 ms.
Unloading 3083 Unused Serialized files (Serialized files now loaded: 0)
Unloading 32 unused Assets / (56.8 KB). Loaded Objects now: 3547.
Memory consumption went from 127.5 MB to 127.4 MB.
Total: 4.363000 ms (FindLiveObjects: 0.340800 ms CreateObjectMapping: 0.143900 ms MarkObjects: 3.664400 ms  DeleteObjects: 0.211400 ms)

AssetImportParameters requested are different than current active one (requested -> active):
  custom:container-demuxer-ogg: 62fdf1f143b41e24485cea50d1cbac27 -> 
  custom:video-codec-MediaFoundation-h265: 746d11721c4dcdbdad8f713fa42b33f4 -> 
  custom:video-decoder-ogg-theora: a1e56fd34408186e4bbccfd4996cb3dc -> 
  custom:framework-win-MediaFoundation: 216162199b28c13a410421893ffa2e32 -> 
  custom:CustomObjectIndexerAttribute: 43b350a4d6e6d1791af0b5038c4bea17 -> 
  custom:container-demuxer-webm: 4f35f7cbe854078d1ac9338744f61a02 -> 
  custom:container-muxer-webm: aa71ff27fc2769a1b78a27578f13a17b -> 
  custom:video-decoder-webm-vp8: 9c59270c3fd7afecdb556c50c9e8de78 -> 
  custom:SearchIndexIgnoredProperties: e643bd26f0fe6173181afceb89e7c659 -> 
  custom:AudioImporter_EditorPlatform: d09bf68614088b80899f8185d706f6e7 -> 
  custom:video-encoder-webm-vp8: eb34c28f22e8b96e1ab97ce403110664 -> 
  custom:audio-decoder-ogg-vorbis: bf7c407c2cedff20999df2af8eb42d56 -> 
  custom:audio-encoder-webm-vorbis: bf7c407c2cedff20999df2af8eb42d56 -> 
========================================================================
Received Import Request.
  Time since last request: 19887.510608 seconds.
  path: Assets
  artifactKey: Guid(00000000000000001000000000000000) Importer(815301076,1909f56bfc062723c751e8b465ee728b)
Start importing Assets using Guid(00000000000000001000000000000000) Importer(815301076,1909f56bfc062723c751e8b465ee728b)  -> (artifact id: '8a4fe85251aa2e89732c359432baa2c3') in 0.002083 seconds
Number of updated asset objects reloaded before import = 0
Number of asset objects unloaded after import = 0
========================================================================
Received Import Request.
  Time since last request: 4.705280 seconds.
  path: Assets/C_Shader
  artifactKey: Guid(a98fa68643d7f684c926fafe8d497002) Importer(815301076,1909f56bfc062723c751e8b465ee728b)
Start importing Assets/C_Shader using Guid(a98fa68643d7f684c926fafe8d497002) Importer(815301076,1909f56bfc062723c751e8b465ee728b)  -> (artifact id: '693c501eee31aa11afb627367888faf4') in 0.000644 seconds
Number of updated asset objects reloaded before import = 0
Number of asset objects unloaded after import = 0
========================================================================
Received Import Request.
  Time since last request: 25.618612 seconds.
  path: Assets/C_Shader/FirstShader_lit.mat
  artifactKey: Guid(c68e300b73a525c4b876b1d5c9348f7d) Importer(815301076,1909f56bfc062723c751e8b465ee728b)
Start importing Assets/C_Shader/FirstShader_lit.mat using Guid(c68e300b73a525c4b876b1d5c9348f7d) Importer(815301076,1909f56bfc062723c751e8b465ee728b)  -> (artifact id: 'a682cf0b04acd9bf7898b80c9e9e01e6') in 0.262537 seconds
Number of updated asset objects reloaded before import = 0
Number of asset objects unloaded after import = 1
========================================================================
Received Import Request.
  Time since last request: 63.570920 seconds.
  path: Assets/C_Shader/FirstShader_Unlit.shader
  artifactKey: Guid(00334f217da6bd54eb60e4f0c8b38e1b) Importer(815301076,1909f56bfc062723c751e8b465ee728b)
Start importing Assets/C_Shader/FirstShader_Unlit.shader using Guid(00334f217da6bd54eb60e4f0c8b38e1b) Importer(815301076,1909f56bfc062723c751e8b465ee728b)  -> (artifact id: 'd86944e41c95deadfa1cf5fe7dc183a8') in 0.003100 seconds
Number of updated asset objects reloaded before import = 0
Number of asset objects unloaded after import = 1
========================================================================
Received Import Request.
  Time since last request: 6.491944 seconds.
  path: Assets/C_Shader/FirstShader_Unlit.mat
  artifactKey: Guid(c68e300b73a525c4b876b1d5c9348f7d) Importer(815301076,1909f56bfc062723c751e8b465ee728b)
Start importing Assets/C_Shader/FirstShader_Unlit.mat using Guid(c68e300b73a525c4b876b1d5c9348f7d) Importer(815301076,1909f56bfc062723c751e8b465ee728b)  -> (artifact id: 'ff56f801c49f693fed57dd51cc4c980d') in 0.009232 seconds
Number of updated asset objects reloaded before import = 0
Number of asset objects unloaded after import = 1
========================================================================
Received Import Request.
  Time since last request: 191.292052 seconds.
  path: Assets/C_Shader/FirstShader_Unlit.shader
  artifactKey: Guid(00334f217da6bd54eb60e4f0c8b38e1b) Importer(815301076,1909f56bfc062723c751e8b465ee728b)
Start importing Assets/C_Shader/FirstShader_Unlit.shader using Guid(00334f217da6bd54eb60e4f0c8b38e1b) Importer(815301076,1909f56bfc062723c751e8b465ee728b)  -> (artifact id: '69f86ef0402a4a4c73386f57c39c16d3') in 0.002891 seconds
Number of updated asset objects reloaded before import = 0
Number of asset objects unloaded after import = 1
========================================================================
Received Import Request.
  Time since last request: 1165.776973 seconds.
  path: Assets/C_Shader/Pavement_SmallMoss_Albedo.png
  artifactKey: Guid(3977746ab8cecc7468b57e0f9fe93782) Importer(815301076,1909f56bfc062723c751e8b465ee728b)
Start importing Assets/C_Shader/Pavement_SmallMoss_Albedo.png using Guid(3977746ab8cecc7468b57e0f9fe93782) Importer(815301076,1909f56bfc062723c751e8b465ee728b)  -> (artifact id: '0ead2b29eb08054491e28781d71bf6c2') in 0.162186 seconds
Number of updated asset objects reloaded before import = 0
Number of asset objects unloaded after import = 2
========================================================================
Received Import Request.
  Time since last request: 3983.984357 seconds.
  path: Assets/UrpScene
  artifactKey: Guid(4dfd05d4a767ea94c80f288ed8ba452c) Importer(815301076,1909f56bfc062723c751e8b465ee728b)
Start importing Assets/UrpScene using Guid(4dfd05d4a767ea94c80f288ed8ba452c) Importer(815301076,1909f56bfc062723c751e8b465ee728b)  -> (artifact id: 'dd7ffa8b0d93933b3bae2c173f4da10c') in 0.010102 seconds
Number of updated asset objects reloaded before import = 0
Number of asset objects unloaded after import = 0
========================================================================
Received Import Request.
  Time since last request: 31.808551 seconds.
  path: Assets/UrpScene/UrpLit.mat
  artifactKey: Guid(7ec9782da7773cd4a9b232be585bb5ce) Importer(815301076,1909f56bfc062723c751e8b465ee728b)
Start importing Assets/UrpScene/UrpLit.mat using Guid(7ec9782da7773cd4a9b232be585bb5ce) Importer(815301076,1909f56bfc062723c751e8b465ee728b)  -> (artifact id: '992c4aef7da4a5399d85a29241310c65') in 0.186992 seconds
Number of updated asset objects reloaded before import = 0
Number of asset objects unloaded after import = 1
========================================================================
Received Import Request.
  Time since last request: 143.180008 seconds.
  path: Assets/UrpScene/UrpLit 1.mat
  artifactKey: Guid(6c264346483f2f8488812ec148c60376) Importer(815301076,1909f56bfc062723c751e8b465ee728b)
Start importing Assets/UrpScene/UrpLit 1.mat using Guid(6c264346483f2f8488812ec148c60376) Importer(815301076,1909f56bfc062723c751e8b465ee728b)  -> (artifact id: '22b465c3ba3f15e58b6ad29f65080451') in 0.016360 seconds
Number of updated asset objects reloaded before import = 0
Number of asset objects unloaded after import = 1
========================================================================
Received Import Request.
  Time since last request: 12.608716 seconds.
  path: Assets/UrpScene/UrpUnlit.mat
  artifactKey: Guid(6c264346483f2f8488812ec148c60376) Importer(815301076,1909f56bfc062723c751e8b465ee728b)
Start importing Assets/UrpScene/UrpUnlit.mat using Guid(6c264346483f2f8488812ec148c60376) Importer(815301076,1909f56bfc062723c751e8b465ee728b)  -> (artifact id: 'bd16cc6e922a44a8e1dd99997acfa4ed') in 0.013002 seconds
Number of updated asset objects reloaded before import = 0
Number of asset objects unloaded after import = 1
========================================================================
Received Import Request.
  Time since last request: 43.410652 seconds.
  path: Assets/Scenes
  artifactKey: Guid(c8997765c4347a04ea93a1351b5b902c) Importer(815301076,1909f56bfc062723c751e8b465ee728b)
Start importing Assets/Scenes using Guid(c8997765c4347a04ea93a1351b5b902c) Importer(815301076,1909f56bfc062723c751e8b465ee728b)  -> (artifact id: '07f5b080b3877f243d094f233b2ad712') in 0.002446 seconds
Number of updated asset objects reloaded before import = 0
Number of asset objects unloaded after import = 0
========================================================================
Received Import Request.
  Time since last request: 6.747709 seconds.
  path: Assets/Scenes/New Scene.unity
  artifactKey: Guid(cb0938b05221e864fbbf412714dc8e56) Importer(815301076,1909f56bfc062723c751e8b465ee728b)
Start importing Assets/Scenes/New Scene.unity using Guid(cb0938b05221e864fbbf412714dc8e56) Importer(815301076,1909f56bfc062723c751e8b465ee728b)  -> (artifact id: 'c2c7a355a677642a0401272907a22a8d') in 0.002877 seconds
Number of updated asset objects reloaded before import = 0
Number of asset objects unloaded after import = 0
